<?xml version="1.0" encoding="UTF-8"?>
<!-- Generated by org.testng.reporters.JUnitReportReporter -->
<testsuite hostname="LAPTOP-LQ0IL4VK" failures="0" tests="1" name="ui.TestCases.AutomationTestCases" time="44.668" errors="0" timestamp="10 Apr 2022 16:51:40 GMT">
  <testcase classname="ui.TestCases.AutomationTestCases" name="initialize_the_browser_with_chrome" time="44.668"/>
</testsuite> <!-- ui.TestCases.AutomationTestCases -->
