<?xml version="1.0" encoding="UTF-8"?>
<!-- Generated by org.testng.reporters.JUnitReportReporter -->
<testsuite hostname="LAPTOP-LQ0IL4VK" failures="0" tests="1" name="cucumber.runner.TestRunner" time="61.877" errors="0" timestamp="12 Apr 2022 06:40:09 GMT">
  <testcase classname="cucumber.runner.TestRunner" name="feature" time="61.877"/>
</testsuite> <!-- cucumber.runner.TestRunner -->
